2017-10-13 10:34:23,705 [main] INFO  marytts.main Mary starting up...
2017-10-13 10:34:23,709 [main] INFO  marytts.main Specification version 5.2
2017-10-13 10:34:23,709 [main] INFO  marytts.main Implementation version unknown
2017-10-13 10:34:23,709 [main] INFO  marytts.main Running on a Java 1.8.0_73 implementation by Oracle Corporation, on a Windows 10 platform (amd64, 10.0)
2017-10-13 10:34:24,101 [main] INFO  marytts.ModuleRegistry Now initiating mary module 'marytts.modules.Synthesis'
2017-10-13 10:34:24,112 [main] INFO  marytts.ModuleRegistry Now initiating mary module 'marytts.modules.TextToMaryXML'
2017-10-13 10:34:24,113 [main] INFO  marytts.ModuleRegistry Now initiating mary module 'marytts.modules.SableParser'
2017-10-13 10:34:24,114 [main] INFO  marytts.ModuleRegistry Now initiating mary module 'marytts.modules.SSMLParser'
2017-10-13 10:34:24,115 [main] INFO  marytts.ModuleRegistry Now initiating mary module 'marytts.modules.APMLParser'
2017-10-13 10:34:24,124 [main] INFO  marytts.ModuleRegistry Now initiating mary module 'marytts.modules.EmotionmlParser'
2017-10-13 10:34:24,125 [main] INFO  marytts.ModuleRegistry Now initiating mary module 'marytts.modules.JTokeniser'
2017-10-13 10:34:24,126 [main] INFO  marytts.ModuleRegistry Now initiating mary module 'marytts.modules.DummyTokens2Words'
2017-10-13 10:34:24,126 [main] INFO  marytts.ModuleRegistry Now initiating mary module 'marytts.modules.ProsodyGeneric'
2017-10-13 10:34:24,130 [main] INFO  marytts.ModuleRegistry Now initiating mary module 'marytts.modules.PronunciationModel'
2017-10-13 10:34:24,131 [main] INFO  marytts.ModuleRegistry Now initiating mary module 'marytts.modules.TargetFeatureLister'
2017-10-13 10:34:24,132 [main] INFO  marytts.ModuleRegistry Now initiating mary module 'marytts.modules.HalfPhoneTargetFeatureLister'
2017-10-13 10:34:24,133 [main] INFO  marytts.ModuleRegistry Now initiating mary module 'marytts.modules.AcousticModeller'
2017-10-13 10:34:24,134 [main] INFO  marytts.ModuleRegistry Now initiating mary module 'marytts.modules.RealisedAcoustparamsExtractor'
2017-10-13 10:34:24,135 [main] INFO  marytts.ModuleRegistry Now initiating mary module 'marytts.modules.RealisedDurationsExtractor'
2017-10-13 10:34:24,135 [main] INFO  marytts.ModuleRegistry Now initiating mary module 'marytts.modules.HTSEngine'
2017-10-13 10:34:24,137 [main] INFO  marytts.ModuleRegistry Now initiating mary module 'marytts.modules.PraatTextGridGenerator'
2017-10-13 10:34:24,160 [main] INFO  marytts.ModuleRegistry Now initiating mary module 'marytts.language.en.JTokeniser'
2017-10-13 10:34:24,160 [main] INFO  marytts.ModuleRegistry Now initiating mary module 'marytts.language.en.Preprocess'
2017-10-13 10:39:31,964 [main] INFO  marytts.main Mary starting up...
2017-10-13 10:39:31,968 [main] INFO  marytts.main Specification version 5.2
2017-10-13 10:39:31,969 [main] INFO  marytts.main Implementation version unknown
2017-10-13 10:39:31,969 [main] INFO  marytts.main Running on a Java 1.8.0_73 implementation by Oracle Corporation, on a Windows 10 platform (amd64, 10.0)
2017-10-13 10:39:32,153 [main] INFO  marytts.ModuleRegistry Now initiating mary module 'marytts.modules.Synthesis'
2017-10-13 10:39:32,156 [main] INFO  marytts.ModuleRegistry Now initiating mary module 'marytts.modules.TextToMaryXML'
2017-10-13 10:39:32,157 [main] INFO  marytts.ModuleRegistry Now initiating mary module 'marytts.modules.SableParser'
2017-10-13 10:39:32,158 [main] INFO  marytts.ModuleRegistry Now initiating mary module 'marytts.modules.SSMLParser'
2017-10-13 10:39:32,158 [main] INFO  marytts.ModuleRegistry Now initiating mary module 'marytts.modules.APMLParser'
2017-10-13 10:39:32,159 [main] INFO  marytts.ModuleRegistry Now initiating mary module 'marytts.modules.EmotionmlParser'
2017-10-13 10:39:32,160 [main] INFO  marytts.ModuleRegistry Now initiating mary module 'marytts.modules.JTokeniser'
2017-10-13 10:39:32,161 [main] INFO  marytts.ModuleRegistry Now initiating mary module 'marytts.modules.DummyTokens2Words'
2017-10-13 10:39:32,161 [main] INFO  marytts.ModuleRegistry Now initiating mary module 'marytts.modules.ProsodyGeneric'
2017-10-13 10:39:32,163 [main] INFO  marytts.ModuleRegistry Now initiating mary module 'marytts.modules.PronunciationModel'
2017-10-13 10:39:32,165 [main] INFO  marytts.ModuleRegistry Now initiating mary module 'marytts.modules.TargetFeatureLister'
2017-10-13 10:39:32,165 [main] INFO  marytts.ModuleRegistry Now initiating mary module 'marytts.modules.HalfPhoneTargetFeatureLister'
2017-10-13 10:39:32,166 [main] INFO  marytts.ModuleRegistry Now initiating mary module 'marytts.modules.AcousticModeller'
2017-10-13 10:39:32,167 [main] INFO  marytts.ModuleRegistry Now initiating mary module 'marytts.modules.RealisedAcoustparamsExtractor'
2017-10-13 10:39:32,167 [main] INFO  marytts.ModuleRegistry Now initiating mary module 'marytts.modules.RealisedDurationsExtractor'
2017-10-13 10:39:32,168 [main] INFO  marytts.ModuleRegistry Now initiating mary module 'marytts.modules.HTSEngine'
2017-10-13 10:39:32,169 [main] INFO  marytts.ModuleRegistry Now initiating mary module 'marytts.modules.PraatTextGridGenerator'
2017-10-13 10:39:32,170 [main] INFO  marytts.ModuleRegistry Now initiating mary module 'marytts.language.en.JTokeniser'
2017-10-13 10:39:32,171 [main] INFO  marytts.ModuleRegistry Now initiating mary module 'marytts.language.en.Preprocess'
2017-10-13 10:40:22,350 [main] INFO  marytts.main Mary starting up...
2017-10-13 10:40:22,354 [main] INFO  marytts.main Specification version 5.2
2017-10-13 10:40:22,354 [main] INFO  marytts.main Implementation version unknown
2017-10-13 10:40:22,354 [main] INFO  marytts.main Running on a Java 1.8.0_73 implementation by Oracle Corporation, on a Windows 10 platform (amd64, 10.0)
2017-10-13 10:40:22,533 [main] INFO  marytts.ModuleRegistry Now initiating mary module 'marytts.modules.Synthesis'
2017-10-13 10:40:22,537 [main] INFO  marytts.ModuleRegistry Now initiating mary module 'marytts.modules.TextToMaryXML'
2017-10-13 10:40:22,538 [main] INFO  marytts.ModuleRegistry Now initiating mary module 'marytts.modules.SableParser'
2017-10-13 10:40:22,538 [main] INFO  marytts.ModuleRegistry Now initiating mary module 'marytts.modules.SSMLParser'
2017-10-13 10:40:22,539 [main] INFO  marytts.ModuleRegistry Now initiating mary module 'marytts.modules.APMLParser'
2017-10-13 10:40:22,539 [main] INFO  marytts.ModuleRegistry Now initiating mary module 'marytts.modules.EmotionmlParser'
2017-10-13 10:40:22,540 [main] INFO  marytts.ModuleRegistry Now initiating mary module 'marytts.modules.JTokeniser'
2017-10-13 10:40:22,541 [main] INFO  marytts.ModuleRegistry Now initiating mary module 'marytts.modules.DummyTokens2Words'
2017-10-13 10:40:22,541 [main] INFO  marytts.ModuleRegistry Now initiating mary module 'marytts.modules.ProsodyGeneric'
2017-10-13 10:40:22,543 [main] INFO  marytts.ModuleRegistry Now initiating mary module 'marytts.modules.PronunciationModel'
2017-10-13 10:40:22,544 [main] INFO  marytts.ModuleRegistry Now initiating mary module 'marytts.modules.TargetFeatureLister'
2017-10-13 10:40:22,545 [main] INFO  marytts.ModuleRegistry Now initiating mary module 'marytts.modules.HalfPhoneTargetFeatureLister'
2017-10-13 10:40:22,546 [main] INFO  marytts.ModuleRegistry Now initiating mary module 'marytts.modules.AcousticModeller'
2017-10-13 10:40:22,547 [main] INFO  marytts.ModuleRegistry Now initiating mary module 'marytts.modules.RealisedAcoustparamsExtractor'
2017-10-13 10:40:22,547 [main] INFO  marytts.ModuleRegistry Now initiating mary module 'marytts.modules.RealisedDurationsExtractor'
2017-10-13 10:40:22,548 [main] INFO  marytts.ModuleRegistry Now initiating mary module 'marytts.modules.HTSEngine'
2017-10-13 10:40:22,549 [main] INFO  marytts.ModuleRegistry Now initiating mary module 'marytts.modules.PraatTextGridGenerator'
2017-10-13 10:40:22,550 [main] INFO  marytts.ModuleRegistry Now initiating mary module 'marytts.language.en.JTokeniser'
2017-10-13 10:40:22,550 [main] INFO  marytts.ModuleRegistry Now initiating mary module 'marytts.language.en.Preprocess'
2017-10-13 10:41:14,593 [main] INFO  marytts.main Mary starting up...
2017-10-13 10:41:14,598 [main] INFO  marytts.main Specification version 5.2
2017-10-13 10:41:14,598 [main] INFO  marytts.main Implementation version unknown
2017-10-13 10:41:14,598 [main] INFO  marytts.main Running on a Java 1.8.0_73 implementation by Oracle Corporation, on a Windows 10 platform (amd64, 10.0)
2017-10-13 10:41:14,779 [main] INFO  marytts.ModuleRegistry Now initiating mary module 'marytts.modules.Synthesis'
2017-10-13 10:41:14,782 [main] INFO  marytts.ModuleRegistry Now initiating mary module 'marytts.modules.TextToMaryXML'
2017-10-13 10:41:14,783 [main] INFO  marytts.ModuleRegistry Now initiating mary module 'marytts.modules.SableParser'
2017-10-13 10:41:14,784 [main] INFO  marytts.ModuleRegistry Now initiating mary module 'marytts.modules.SSMLParser'
2017-10-13 10:41:14,784 [main] INFO  marytts.ModuleRegistry Now initiating mary module 'marytts.modules.APMLParser'
2017-10-13 10:41:14,785 [main] INFO  marytts.ModuleRegistry Now initiating mary module 'marytts.modules.EmotionmlParser'
2017-10-13 10:41:14,785 [main] INFO  marytts.ModuleRegistry Now initiating mary module 'marytts.modules.JTokeniser'
2017-10-13 10:41:14,786 [main] INFO  marytts.ModuleRegistry Now initiating mary module 'marytts.modules.DummyTokens2Words'
2017-10-13 10:41:14,786 [main] INFO  marytts.ModuleRegistry Now initiating mary module 'marytts.modules.ProsodyGeneric'
2017-10-13 10:41:14,788 [main] INFO  marytts.ModuleRegistry Now initiating mary module 'marytts.modules.PronunciationModel'
2017-10-13 10:41:14,789 [main] INFO  marytts.ModuleRegistry Now initiating mary module 'marytts.modules.TargetFeatureLister'
2017-10-13 10:41:14,790 [main] INFO  marytts.ModuleRegistry Now initiating mary module 'marytts.modules.HalfPhoneTargetFeatureLister'
2017-10-13 10:41:14,791 [main] INFO  marytts.ModuleRegistry Now initiating mary module 'marytts.modules.AcousticModeller'
2017-10-13 10:41:14,792 [main] INFO  marytts.ModuleRegistry Now initiating mary module 'marytts.modules.RealisedAcoustparamsExtractor'
2017-10-13 10:41:14,792 [main] INFO  marytts.ModuleRegistry Now initiating mary module 'marytts.modules.RealisedDurationsExtractor'
2017-10-13 10:41:14,793 [main] INFO  marytts.ModuleRegistry Now initiating mary module 'marytts.modules.HTSEngine'
2017-10-13 10:41:14,794 [main] INFO  marytts.ModuleRegistry Now initiating mary module 'marytts.modules.PraatTextGridGenerator'
2017-10-13 10:41:14,795 [main] INFO  marytts.ModuleRegistry Now initiating mary module 'marytts.language.en.JTokeniser'
2017-10-13 10:41:14,795 [main] INFO  marytts.ModuleRegistry Now initiating mary module 'marytts.language.en.Preprocess'
2017-10-13 10:46:33,664 [main] INFO  marytts.main Mary starting up...
2017-10-13 10:46:33,667 [main] INFO  marytts.main Specification version 5.2
2017-10-13 10:46:33,668 [main] INFO  marytts.main Implementation version unknown
2017-10-13 10:46:33,668 [main] INFO  marytts.main Running on a Java 1.8.0_73 implementation by Oracle Corporation, on a Windows 10 platform (amd64, 10.0)
2017-10-13 10:46:33,848 [main] INFO  marytts.ModuleRegistry Now initiating mary module 'marytts.modules.Synthesis'
2017-10-13 10:46:33,851 [main] INFO  marytts.ModuleRegistry Now initiating mary module 'marytts.modules.TextToMaryXML'
2017-10-13 10:46:33,852 [main] INFO  marytts.ModuleRegistry Now initiating mary module 'marytts.modules.SableParser'
2017-10-13 10:46:33,853 [main] INFO  marytts.ModuleRegistry Now initiating mary module 'marytts.modules.SSMLParser'
2017-10-13 10:46:33,853 [main] INFO  marytts.ModuleRegistry Now initiating mary module 'marytts.modules.APMLParser'
2017-10-13 10:46:33,854 [main] INFO  marytts.ModuleRegistry Now initiating mary module 'marytts.modules.EmotionmlParser'
2017-10-13 10:46:33,854 [main] INFO  marytts.ModuleRegistry Now initiating mary module 'marytts.modules.JTokeniser'
2017-10-13 10:46:33,855 [main] INFO  marytts.ModuleRegistry Now initiating mary module 'marytts.modules.DummyTokens2Words'
2017-10-13 10:46:33,855 [main] INFO  marytts.ModuleRegistry Now initiating mary module 'marytts.modules.ProsodyGeneric'
2017-10-13 10:46:33,858 [main] INFO  marytts.ModuleRegistry Now initiating mary module 'marytts.modules.PronunciationModel'
2017-10-13 10:46:33,859 [main] INFO  marytts.ModuleRegistry Now initiating mary module 'marytts.modules.TargetFeatureLister'
2017-10-13 10:46:33,860 [main] INFO  marytts.ModuleRegistry Now initiating mary module 'marytts.modules.HalfPhoneTargetFeatureLister'
2017-10-13 10:46:33,860 [main] INFO  marytts.ModuleRegistry Now initiating mary module 'marytts.modules.AcousticModeller'
2017-10-13 10:46:33,861 [main] INFO  marytts.ModuleRegistry Now initiating mary module 'marytts.modules.RealisedAcoustparamsExtractor'
2017-10-13 10:46:33,862 [main] INFO  marytts.ModuleRegistry Now initiating mary module 'marytts.modules.RealisedDurationsExtractor'
2017-10-13 10:46:33,862 [main] INFO  marytts.ModuleRegistry Now initiating mary module 'marytts.modules.HTSEngine'
2017-10-13 10:46:33,863 [main] INFO  marytts.ModuleRegistry Now initiating mary module 'marytts.modules.PraatTextGridGenerator'
2017-10-13 10:46:33,864 [main] INFO  marytts.ModuleRegistry Now initiating mary module 'marytts.language.en.JTokeniser'
2017-10-13 10:46:33,865 [main] INFO  marytts.ModuleRegistry Now initiating mary module 'marytts.language.en.Preprocess'
2017-10-13 10:51:55,433 [main] INFO  marytts.main Mary starting up...
2017-10-13 10:51:55,437 [main] INFO  marytts.main Specification version 5.2
2017-10-13 10:51:55,437 [main] INFO  marytts.main Implementation version unknown
2017-10-13 10:51:55,437 [main] INFO  marytts.main Running on a Java 1.8.0_73 implementation by Oracle Corporation, on a Windows 10 platform (amd64, 10.0)
2017-10-13 10:51:55,623 [main] INFO  marytts.ModuleRegistry Now initiating mary module 'marytts.modules.Synthesis'
2017-10-13 10:51:55,626 [main] INFO  marytts.ModuleRegistry Now initiating mary module 'marytts.modules.TextToMaryXML'
2017-10-13 10:51:55,627 [main] INFO  marytts.ModuleRegistry Now initiating mary module 'marytts.modules.SableParser'
2017-10-13 10:51:55,628 [main] INFO  marytts.ModuleRegistry Now initiating mary module 'marytts.modules.SSMLParser'
2017-10-13 10:51:55,628 [main] INFO  marytts.ModuleRegistry Now initiating mary module 'marytts.modules.APMLParser'
2017-10-13 10:51:55,629 [main] INFO  marytts.ModuleRegistry Now initiating mary module 'marytts.modules.EmotionmlParser'
2017-10-13 10:51:55,629 [main] INFO  marytts.ModuleRegistry Now initiating mary module 'marytts.modules.JTokeniser'
2017-10-13 10:51:55,630 [main] INFO  marytts.ModuleRegistry Now initiating mary module 'marytts.modules.DummyTokens2Words'
2017-10-13 10:51:55,631 [main] INFO  marytts.ModuleRegistry Now initiating mary module 'marytts.modules.ProsodyGeneric'
2017-10-13 10:51:55,633 [main] INFO  marytts.ModuleRegistry Now initiating mary module 'marytts.modules.PronunciationModel'
2017-10-13 10:51:55,634 [main] INFO  marytts.ModuleRegistry Now initiating mary module 'marytts.modules.TargetFeatureLister'
2017-10-13 10:51:55,635 [main] INFO  marytts.ModuleRegistry Now initiating mary module 'marytts.modules.HalfPhoneTargetFeatureLister'
2017-10-13 10:51:55,635 [main] INFO  marytts.ModuleRegistry Now initiating mary module 'marytts.modules.AcousticModeller'
2017-10-13 10:51:55,636 [main] INFO  marytts.ModuleRegistry Now initiating mary module 'marytts.modules.RealisedAcoustparamsExtractor'
2017-10-13 10:51:55,637 [main] INFO  marytts.ModuleRegistry Now initiating mary module 'marytts.modules.RealisedDurationsExtractor'
2017-10-13 10:51:55,637 [main] INFO  marytts.ModuleRegistry Now initiating mary module 'marytts.modules.HTSEngine'
2017-10-13 10:51:55,638 [main] INFO  marytts.ModuleRegistry Now initiating mary module 'marytts.modules.PraatTextGridGenerator'
2017-10-13 10:51:55,640 [main] INFO  marytts.ModuleRegistry Now initiating mary module 'marytts.language.en.JTokeniser'
2017-10-13 10:51:55,640 [main] INFO  marytts.ModuleRegistry Now initiating mary module 'marytts.language.en.Preprocess'
2017-10-13 10:54:46,425 [main] INFO  marytts.main Mary starting up...
2017-10-13 10:54:46,429 [main] INFO  marytts.main Specification version 5.2
2017-10-13 10:54:46,429 [main] INFO  marytts.main Implementation version unknown
2017-10-13 10:54:46,429 [main] INFO  marytts.main Running on a Java 1.8.0_73 implementation by Oracle Corporation, on a Windows 10 platform (amd64, 10.0)
2017-10-13 10:54:46,611 [main] INFO  marytts.ModuleRegistry Now initiating mary module 'marytts.modules.Synthesis'
2017-10-13 10:54:46,615 [main] INFO  marytts.ModuleRegistry Now initiating mary module 'marytts.modules.TextToMaryXML'
2017-10-13 10:54:46,616 [main] INFO  marytts.ModuleRegistry Now initiating mary module 'marytts.modules.SableParser'
2017-10-13 10:54:46,617 [main] INFO  marytts.ModuleRegistry Now initiating mary module 'marytts.modules.SSMLParser'
2017-10-13 10:54:46,617 [main] INFO  marytts.ModuleRegistry Now initiating mary module 'marytts.modules.APMLParser'
2017-10-13 10:54:46,618 [main] INFO  marytts.ModuleRegistry Now initiating mary module 'marytts.modules.EmotionmlParser'
2017-10-13 10:54:46,619 [main] INFO  marytts.ModuleRegistry Now initiating mary module 'marytts.modules.JTokeniser'
2017-10-13 10:54:46,619 [main] INFO  marytts.ModuleRegistry Now initiating mary module 'marytts.modules.DummyTokens2Words'
2017-10-13 10:54:46,620 [main] INFO  marytts.ModuleRegistry Now initiating mary module 'marytts.modules.ProsodyGeneric'
2017-10-13 10:54:46,622 [main] INFO  marytts.ModuleRegistry Now initiating mary module 'marytts.modules.PronunciationModel'
2017-10-13 10:54:46,623 [main] INFO  marytts.ModuleRegistry Now initiating mary module 'marytts.modules.TargetFeatureLister'
2017-10-13 10:54:46,624 [main] INFO  marytts.ModuleRegistry Now initiating mary module 'marytts.modules.HalfPhoneTargetFeatureLister'
2017-10-13 10:54:46,624 [main] INFO  marytts.ModuleRegistry Now initiating mary module 'marytts.modules.AcousticModeller'
2017-10-13 10:54:46,625 [main] INFO  marytts.ModuleRegistry Now initiating mary module 'marytts.modules.RealisedAcoustparamsExtractor'
2017-10-13 10:54:46,626 [main] INFO  marytts.ModuleRegistry Now initiating mary module 'marytts.modules.RealisedDurationsExtractor'
2017-10-13 10:54:46,627 [main] INFO  marytts.ModuleRegistry Now initiating mary module 'marytts.modules.HTSEngine'
2017-10-13 10:54:46,628 [main] INFO  marytts.ModuleRegistry Now initiating mary module 'marytts.modules.PraatTextGridGenerator'
2017-10-13 10:54:46,629 [main] INFO  marytts.ModuleRegistry Now initiating mary module 'marytts.language.en.JTokeniser'
2017-10-13 10:54:46,629 [main] INFO  marytts.ModuleRegistry Now initiating mary module 'marytts.language.en.Preprocess'
2017-10-13 10:55:05,926 [main] INFO  marytts.main Mary starting up...
2017-10-13 10:55:05,929 [main] INFO  marytts.main Specification version 5.2
2017-10-13 10:55:05,930 [main] INFO  marytts.main Implementation version unknown
2017-10-13 10:55:05,930 [main] INFO  marytts.main Running on a Java 1.8.0_73 implementation by Oracle Corporation, on a Windows 10 platform (amd64, 10.0)
2017-10-13 10:55:06,113 [main] INFO  marytts.ModuleRegistry Now initiating mary module 'marytts.modules.Synthesis'
2017-10-13 10:55:06,117 [main] INFO  marytts.ModuleRegistry Now initiating mary module 'marytts.modules.TextToMaryXML'
2017-10-13 10:55:06,118 [main] INFO  marytts.ModuleRegistry Now initiating mary module 'marytts.modules.SableParser'
2017-10-13 10:55:06,119 [main] INFO  marytts.ModuleRegistry Now initiating mary module 'marytts.modules.SSMLParser'
2017-10-13 10:55:06,119 [main] INFO  marytts.ModuleRegistry Now initiating mary module 'marytts.modules.APMLParser'
2017-10-13 10:55:06,120 [main] INFO  marytts.ModuleRegistry Now initiating mary module 'marytts.modules.EmotionmlParser'
2017-10-13 10:55:06,121 [main] INFO  marytts.ModuleRegistry Now initiating mary module 'marytts.modules.JTokeniser'
2017-10-13 10:55:06,121 [main] INFO  marytts.ModuleRegistry Now initiating mary module 'marytts.modules.DummyTokens2Words'
2017-10-13 10:55:06,122 [main] INFO  marytts.ModuleRegistry Now initiating mary module 'marytts.modules.ProsodyGeneric'
2017-10-13 10:55:06,124 [main] INFO  marytts.ModuleRegistry Now initiating mary module 'marytts.modules.PronunciationModel'
2017-10-13 10:55:06,125 [main] INFO  marytts.ModuleRegistry Now initiating mary module 'marytts.modules.TargetFeatureLister'
2017-10-13 10:55:06,126 [main] INFO  marytts.ModuleRegistry Now initiating mary module 'marytts.modules.HalfPhoneTargetFeatureLister'
2017-10-13 10:55:06,127 [main] INFO  marytts.ModuleRegistry Now initiating mary module 'marytts.modules.AcousticModeller'
2017-10-13 10:55:06,128 [main] INFO  marytts.ModuleRegistry Now initiating mary module 'marytts.modules.RealisedAcoustparamsExtractor'
2017-10-13 10:55:06,128 [main] INFO  marytts.ModuleRegistry Now initiating mary module 'marytts.modules.RealisedDurationsExtractor'
2017-10-13 10:55:06,129 [main] INFO  marytts.ModuleRegistry Now initiating mary module 'marytts.modules.HTSEngine'
2017-10-13 10:55:06,130 [main] INFO  marytts.ModuleRegistry Now initiating mary module 'marytts.modules.PraatTextGridGenerator'
2017-10-13 10:55:06,131 [main] INFO  marytts.ModuleRegistry Now initiating mary module 'marytts.language.en.JTokeniser'
2017-10-13 10:55:06,132 [main] INFO  marytts.ModuleRegistry Now initiating mary module 'marytts.language.en.Preprocess'
2017-10-13 10:55:19,768 [main] INFO  marytts.main Mary starting up...
2017-10-13 10:55:19,772 [main] INFO  marytts.main Specification version 5.2
2017-10-13 10:55:19,772 [main] INFO  marytts.main Implementation version unknown
2017-10-13 10:55:19,772 [main] INFO  marytts.main Running on a Java 1.8.0_73 implementation by Oracle Corporation, on a Windows 10 platform (amd64, 10.0)
2017-10-13 10:55:19,951 [main] INFO  marytts.ModuleRegistry Now initiating mary module 'marytts.modules.Synthesis'
2017-10-13 10:55:19,954 [main] INFO  marytts.ModuleRegistry Now initiating mary module 'marytts.modules.TextToMaryXML'
2017-10-13 10:55:19,955 [main] INFO  marytts.ModuleRegistry Now initiating mary module 'marytts.modules.SableParser'
2017-10-13 10:55:19,955 [main] INFO  marytts.ModuleRegistry Now initiating mary module 'marytts.modules.SSMLParser'
2017-10-13 10:55:19,956 [main] INFO  marytts.ModuleRegistry Now initiating mary module 'marytts.modules.APMLParser'
2017-10-13 10:55:19,957 [main] INFO  marytts.ModuleRegistry Now initiating mary module 'marytts.modules.EmotionmlParser'
2017-10-13 10:55:19,957 [main] INFO  marytts.ModuleRegistry Now initiating mary module 'marytts.modules.JTokeniser'
2017-10-13 10:55:19,958 [main] INFO  marytts.ModuleRegistry Now initiating mary module 'marytts.modules.DummyTokens2Words'
2017-10-13 10:55:19,958 [main] INFO  marytts.ModuleRegistry Now initiating mary module 'marytts.modules.ProsodyGeneric'
2017-10-13 10:55:19,961 [main] INFO  marytts.ModuleRegistry Now initiating mary module 'marytts.modules.PronunciationModel'
2017-10-13 10:55:19,962 [main] INFO  marytts.ModuleRegistry Now initiating mary module 'marytts.modules.TargetFeatureLister'
2017-10-13 10:55:19,962 [main] INFO  marytts.ModuleRegistry Now initiating mary module 'marytts.modules.HalfPhoneTargetFeatureLister'
2017-10-13 10:55:19,963 [main] INFO  marytts.ModuleRegistry Now initiating mary module 'marytts.modules.AcousticModeller'
2017-10-13 10:55:19,964 [main] INFO  marytts.ModuleRegistry Now initiating mary module 'marytts.modules.RealisedAcoustparamsExtractor'
2017-10-13 10:55:19,964 [main] INFO  marytts.ModuleRegistry Now initiating mary module 'marytts.modules.RealisedDurationsExtractor'
2017-10-13 10:55:19,965 [main] INFO  marytts.ModuleRegistry Now initiating mary module 'marytts.modules.HTSEngine'
2017-10-13 10:55:19,966 [main] INFO  marytts.ModuleRegistry Now initiating mary module 'marytts.modules.PraatTextGridGenerator'
2017-10-13 10:55:19,967 [main] INFO  marytts.ModuleRegistry Now initiating mary module 'marytts.language.en.JTokeniser'
2017-10-13 10:55:19,968 [main] INFO  marytts.ModuleRegistry Now initiating mary module 'marytts.language.en.Preprocess'
2017-10-13 10:57:52,233 [main] INFO  marytts.main Mary starting up...
2017-10-13 10:57:52,241 [main] INFO  marytts.main Specification version 5.2
2017-10-13 10:57:52,241 [main] INFO  marytts.main Implementation version unknown
2017-10-13 10:57:52,241 [main] INFO  marytts.main Running on a Java 1.8.0_73 implementation by Oracle Corporation, on a Windows 10 platform (amd64, 10.0)
2017-10-13 10:57:52,419 [main] INFO  marytts.ModuleRegistry Now initiating mary module 'marytts.modules.Synthesis'
2017-10-13 10:57:52,423 [main] INFO  marytts.ModuleRegistry Now initiating mary module 'marytts.modules.TextToMaryXML'
2017-10-13 10:57:52,424 [main] INFO  marytts.ModuleRegistry Now initiating mary module 'marytts.modules.SableParser'
2017-10-13 10:57:52,425 [main] INFO  marytts.ModuleRegistry Now initiating mary module 'marytts.modules.SSMLParser'
2017-10-13 10:57:52,425 [main] INFO  marytts.ModuleRegistry Now initiating mary module 'marytts.modules.APMLParser'
2017-10-13 10:57:52,426 [main] INFO  marytts.ModuleRegistry Now initiating mary module 'marytts.modules.EmotionmlParser'
2017-10-13 10:57:52,426 [main] INFO  marytts.ModuleRegistry Now initiating mary module 'marytts.modules.JTokeniser'
2017-10-13 10:57:52,427 [main] INFO  marytts.ModuleRegistry Now initiating mary module 'marytts.modules.DummyTokens2Words'
2017-10-13 10:57:52,427 [main] INFO  marytts.ModuleRegistry Now initiating mary module 'marytts.modules.ProsodyGeneric'
2017-10-13 10:57:52,430 [main] INFO  marytts.ModuleRegistry Now initiating mary module 'marytts.modules.PronunciationModel'
2017-10-13 10:57:52,431 [main] INFO  marytts.ModuleRegistry Now initiating mary module 'marytts.modules.TargetFeatureLister'
2017-10-13 10:57:52,432 [main] INFO  marytts.ModuleRegistry Now initiating mary module 'marytts.modules.HalfPhoneTargetFeatureLister'
2017-10-13 10:57:52,432 [main] INFO  marytts.ModuleRegistry Now initiating mary module 'marytts.modules.AcousticModeller'
2017-10-13 10:57:52,433 [main] INFO  marytts.ModuleRegistry Now initiating mary module 'marytts.modules.RealisedAcoustparamsExtractor'
2017-10-13 10:57:52,434 [main] INFO  marytts.ModuleRegistry Now initiating mary module 'marytts.modules.RealisedDurationsExtractor'
2017-10-13 10:57:52,434 [main] INFO  marytts.ModuleRegistry Now initiating mary module 'marytts.modules.HTSEngine'
2017-10-13 10:57:52,435 [main] INFO  marytts.ModuleRegistry Now initiating mary module 'marytts.modules.PraatTextGridGenerator'
2017-10-13 10:57:52,436 [main] INFO  marytts.ModuleRegistry Now initiating mary module 'marytts.language.en.JTokeniser'
2017-10-13 10:57:52,437 [main] INFO  marytts.ModuleRegistry Now initiating mary module 'marytts.language.en.Preprocess'
2017-10-13 11:06:34,866 [main] INFO  marytts.main Mary starting up...
2017-10-13 11:06:34,873 [main] INFO  marytts.main Specification version 5.2
2017-10-13 11:06:34,873 [main] INFO  marytts.main Implementation version unknown
2017-10-13 11:06:34,873 [main] INFO  marytts.main Running on a Java 1.8.0_73 implementation by Oracle Corporation, on a Windows 10 platform (amd64, 10.0)
2017-10-13 11:06:35,057 [main] INFO  marytts.ModuleRegistry Now initiating mary module 'marytts.modules.Synthesis'
2017-10-13 11:06:35,061 [main] INFO  marytts.ModuleRegistry Now initiating mary module 'marytts.modules.TextToMaryXML'
2017-10-13 11:06:35,062 [main] INFO  marytts.ModuleRegistry Now initiating mary module 'marytts.modules.SableParser'
2017-10-13 11:06:35,063 [main] INFO  marytts.ModuleRegistry Now initiating mary module 'marytts.modules.SSMLParser'
2017-10-13 11:06:35,063 [main] INFO  marytts.ModuleRegistry Now initiating mary module 'marytts.modules.APMLParser'
2017-10-13 11:06:35,064 [main] INFO  marytts.ModuleRegistry Now initiating mary module 'marytts.modules.EmotionmlParser'
2017-10-13 11:06:35,064 [main] INFO  marytts.ModuleRegistry Now initiating mary module 'marytts.modules.JTokeniser'
2017-10-13 11:06:35,065 [main] INFO  marytts.ModuleRegistry Now initiating mary module 'marytts.modules.DummyTokens2Words'
2017-10-13 11:06:35,066 [main] INFO  marytts.ModuleRegistry Now initiating mary module 'marytts.modules.ProsodyGeneric'
2017-10-13 11:06:35,067 [main] INFO  marytts.ModuleRegistry Now initiating mary module 'marytts.modules.PronunciationModel'
2017-10-13 11:06:35,069 [main] INFO  marytts.ModuleRegistry Now initiating mary module 'marytts.modules.TargetFeatureLister'
2017-10-13 11:06:35,069 [main] INFO  marytts.ModuleRegistry Now initiating mary module 'marytts.modules.HalfPhoneTargetFeatureLister'
2017-10-13 11:06:35,070 [main] INFO  marytts.ModuleRegistry Now initiating mary module 'marytts.modules.AcousticModeller'
2017-10-13 11:06:35,071 [main] INFO  marytts.ModuleRegistry Now initiating mary module 'marytts.modules.RealisedAcoustparamsExtractor'
2017-10-13 11:06:35,071 [main] INFO  marytts.ModuleRegistry Now initiating mary module 'marytts.modules.RealisedDurationsExtractor'
2017-10-13 11:06:35,072 [main] INFO  marytts.ModuleRegistry Now initiating mary module 'marytts.modules.HTSEngine'
2017-10-13 11:06:35,073 [main] INFO  marytts.ModuleRegistry Now initiating mary module 'marytts.modules.PraatTextGridGenerator'
2017-10-13 11:06:35,074 [main] INFO  marytts.ModuleRegistry Now initiating mary module 'marytts.language.en.JTokeniser'
2017-10-13 11:06:35,075 [main] INFO  marytts.ModuleRegistry Now initiating mary module 'marytts.language.en.Preprocess'
2017-10-13 11:16:59,260 [main] INFO  marytts.main Mary starting up...
2017-10-13 11:16:59,268 [main] INFO  marytts.main Specification version 5.2
2017-10-13 11:16:59,268 [main] INFO  marytts.main Implementation version unknown
2017-10-13 11:16:59,268 [main] INFO  marytts.main Running on a Java 1.8.0_73 implementation by Oracle Corporation, on a Windows 10 platform (amd64, 10.0)
2017-10-13 11:16:59,450 [main] INFO  marytts.ModuleRegistry Now initiating mary module 'marytts.modules.Synthesis'
2017-10-13 11:16:59,454 [main] INFO  marytts.ModuleRegistry Now initiating mary module 'marytts.modules.TextToMaryXML'
2017-10-13 11:16:59,454 [main] INFO  marytts.ModuleRegistry Now initiating mary module 'marytts.modules.SableParser'
2017-10-13 11:16:59,455 [main] INFO  marytts.ModuleRegistry Now initiating mary module 'marytts.modules.SSMLParser'
2017-10-13 11:16:59,456 [main] INFO  marytts.ModuleRegistry Now initiating mary module 'marytts.modules.APMLParser'
2017-10-13 11:16:59,456 [main] INFO  marytts.ModuleRegistry Now initiating mary module 'marytts.modules.EmotionmlParser'
2017-10-13 11:16:59,457 [main] INFO  marytts.ModuleRegistry Now initiating mary module 'marytts.modules.JTokeniser'
2017-10-13 11:16:59,457 [main] INFO  marytts.ModuleRegistry Now initiating mary module 'marytts.modules.DummyTokens2Words'
2017-10-13 11:16:59,458 [main] INFO  marytts.ModuleRegistry Now initiating mary module 'marytts.modules.ProsodyGeneric'
2017-10-13 11:16:59,460 [main] INFO  marytts.ModuleRegistry Now initiating mary module 'marytts.modules.PronunciationModel'
2017-10-13 11:16:59,461 [main] INFO  marytts.ModuleRegistry Now initiating mary module 'marytts.modules.TargetFeatureLister'
2017-10-13 11:16:59,462 [main] INFO  marytts.ModuleRegistry Now initiating mary module 'marytts.modules.HalfPhoneTargetFeatureLister'
2017-10-13 11:16:59,463 [main] INFO  marytts.ModuleRegistry Now initiating mary module 'marytts.modules.AcousticModeller'
2017-10-13 11:16:59,463 [main] INFO  marytts.ModuleRegistry Now initiating mary module 'marytts.modules.RealisedAcoustparamsExtractor'
2017-10-13 11:16:59,464 [main] INFO  marytts.ModuleRegistry Now initiating mary module 'marytts.modules.RealisedDurationsExtractor'
2017-10-13 11:16:59,464 [main] INFO  marytts.ModuleRegistry Now initiating mary module 'marytts.modules.HTSEngine'
2017-10-13 11:16:59,466 [main] INFO  marytts.ModuleRegistry Now initiating mary module 'marytts.modules.PraatTextGridGenerator'
2017-10-13 11:16:59,467 [main] INFO  marytts.ModuleRegistry Now initiating mary module 'marytts.language.en.JTokeniser'
2017-10-13 11:16:59,467 [main] INFO  marytts.ModuleRegistry Now initiating mary module 'marytts.language.en.Preprocess'
2017-10-13 11:20:38,405 [main] INFO  marytts.main Mary starting up...
2017-10-13 11:20:38,412 [main] INFO  marytts.main Specification version 5.2
2017-10-13 11:20:38,412 [main] INFO  marytts.main Implementation version unknown
2017-10-13 11:20:38,412 [main] INFO  marytts.main Running on a Java 1.8.0_73 implementation by Oracle Corporation, on a Windows 10 platform (amd64, 10.0)
2017-10-13 11:20:38,595 [main] INFO  marytts.ModuleRegistry Now initiating mary module 'marytts.modules.Synthesis'
2017-10-13 11:20:38,598 [main] INFO  marytts.ModuleRegistry Now initiating mary module 'marytts.modules.TextToMaryXML'
2017-10-13 11:20:38,599 [main] INFO  marytts.ModuleRegistry Now initiating mary module 'marytts.modules.SableParser'
2017-10-13 11:20:38,600 [main] INFO  marytts.ModuleRegistry Now initiating mary module 'marytts.modules.SSMLParser'
2017-10-13 11:20:38,600 [main] INFO  marytts.ModuleRegistry Now initiating mary module 'marytts.modules.APMLParser'
2017-10-13 11:20:38,601 [main] INFO  marytts.ModuleRegistry Now initiating mary module 'marytts.modules.EmotionmlParser'
2017-10-13 11:20:38,602 [main] INFO  marytts.ModuleRegistry Now initiating mary module 'marytts.modules.JTokeniser'
2017-10-13 11:20:38,602 [main] INFO  marytts.ModuleRegistry Now initiating mary module 'marytts.modules.DummyTokens2Words'
2017-10-13 11:20:38,603 [main] INFO  marytts.ModuleRegistry Now initiating mary module 'marytts.modules.ProsodyGeneric'
2017-10-13 11:20:38,605 [main] INFO  marytts.ModuleRegistry Now initiating mary module 'marytts.modules.PronunciationModel'
2017-10-13 11:20:38,606 [main] INFO  marytts.ModuleRegistry Now initiating mary module 'marytts.modules.TargetFeatureLister'
2017-10-13 11:20:38,607 [main] INFO  marytts.ModuleRegistry Now initiating mary module 'marytts.modules.HalfPhoneTargetFeatureLister'
2017-10-13 11:20:38,607 [main] INFO  marytts.ModuleRegistry Now initiating mary module 'marytts.modules.AcousticModeller'
2017-10-13 11:20:38,608 [main] INFO  marytts.ModuleRegistry Now initiating mary module 'marytts.modules.RealisedAcoustparamsExtractor'
2017-10-13 11:20:38,609 [main] INFO  marytts.ModuleRegistry Now initiating mary module 'marytts.modules.RealisedDurationsExtractor'
2017-10-13 11:20:38,610 [main] INFO  marytts.ModuleRegistry Now initiating mary module 'marytts.modules.HTSEngine'
2017-10-13 11:20:38,611 [main] INFO  marytts.ModuleRegistry Now initiating mary module 'marytts.modules.PraatTextGridGenerator'
2017-10-13 11:20:38,612 [main] INFO  marytts.ModuleRegistry Now initiating mary module 'marytts.language.en.JTokeniser'
2017-10-13 11:20:38,612 [main] INFO  marytts.ModuleRegistry Now initiating mary module 'marytts.language.en.Preprocess'
2017-10-13 11:25:34,520 [main] INFO  marytts.main Mary starting up...
2017-10-13 11:25:34,524 [main] INFO  marytts.main Specification version 5.2
2017-10-13 11:25:34,524 [main] INFO  marytts.main Implementation version unknown
2017-10-13 11:25:34,524 [main] INFO  marytts.main Running on a Java 1.8.0_73 implementation by Oracle Corporation, on a Windows 10 platform (amd64, 10.0)
2017-10-13 11:25:34,708 [main] INFO  marytts.ModuleRegistry Now initiating mary module 'marytts.modules.Synthesis'
2017-10-13 11:25:34,712 [main] INFO  marytts.ModuleRegistry Now initiating mary module 'marytts.modules.TextToMaryXML'
2017-10-13 11:25:34,713 [main] INFO  marytts.ModuleRegistry Now initiating mary module 'marytts.modules.SableParser'
2017-10-13 11:25:34,713 [main] INFO  marytts.ModuleRegistry Now initiating mary module 'marytts.modules.SSMLParser'
2017-10-13 11:25:34,714 [main] INFO  marytts.ModuleRegistry Now initiating mary module 'marytts.modules.APMLParser'
2017-10-13 11:25:34,714 [main] INFO  marytts.ModuleRegistry Now initiating mary module 'marytts.modules.EmotionmlParser'
2017-10-13 11:25:34,715 [main] INFO  marytts.ModuleRegistry Now initiating mary module 'marytts.modules.JTokeniser'
2017-10-13 11:25:34,716 [main] INFO  marytts.ModuleRegistry Now initiating mary module 'marytts.modules.DummyTokens2Words'
2017-10-13 11:25:34,716 [main] INFO  marytts.ModuleRegistry Now initiating mary module 'marytts.modules.ProsodyGeneric'
2017-10-13 11:25:34,719 [main] INFO  marytts.ModuleRegistry Now initiating mary module 'marytts.modules.PronunciationModel'
2017-10-13 11:25:34,720 [main] INFO  marytts.ModuleRegistry Now initiating mary module 'marytts.modules.TargetFeatureLister'
2017-10-13 11:25:34,721 [main] INFO  marytts.ModuleRegistry Now initiating mary module 'marytts.modules.HalfPhoneTargetFeatureLister'
2017-10-13 11:25:34,721 [main] INFO  marytts.ModuleRegistry Now initiating mary module 'marytts.modules.AcousticModeller'
2017-10-13 11:25:34,722 [main] INFO  marytts.ModuleRegistry Now initiating mary module 'marytts.modules.RealisedAcoustparamsExtractor'
2017-10-13 11:25:34,723 [main] INFO  marytts.ModuleRegistry Now initiating mary module 'marytts.modules.RealisedDurationsExtractor'
2017-10-13 11:25:34,723 [main] INFO  marytts.ModuleRegistry Now initiating mary module 'marytts.modules.HTSEngine'
2017-10-13 11:25:34,724 [main] INFO  marytts.ModuleRegistry Now initiating mary module 'marytts.modules.PraatTextGridGenerator'
2017-10-13 11:25:34,726 [main] INFO  marytts.ModuleRegistry Now initiating mary module 'marytts.language.en.JTokeniser'
2017-10-13 11:25:34,726 [main] INFO  marytts.ModuleRegistry Now initiating mary module 'marytts.language.en.Preprocess'
